<component name="libraryTable">
  <library name="junit" type="repository">
    <properties maven-id="junit:junit:4.13.2">
      <exclude>
        <dependency maven-id="org.hamcrest:hamcrest-core" />
      </exclude>
    </properties>
    <CLASSES>
      <root url="jar://$MAVEN_REPOSITORY$/junit/junit/4.13.2/junit-4.13.2.jar!/" />
    </CLASSES>
    <JAVADOC />
    <SOURCES>
      <root url="jar://$USER_HOME$/.ideaLibSources/junit-4.13.2-sources.jar!/" />
    </SOURCES>
  </library>
</component>